 ******************************
 runtleed: num_fcn =            1
 COORSUB=   3.5213999999999999        1.2450000000000001        1.2450000000000001     
 COORSUB=   3.5213999999999999        3.7349999999999994        1.2450000000000001     
 COORSUB=   3.5213999999999999        6.2249999999999996        1.2450000000000001     
 COORSUB=   3.5213999999999999        3.7349999999999994        3.7349999999999994     
 COORSUB=   3.5213999999999999        6.2249999999999996        3.7349999999999994     
 COORSUB=   3.5213999999999999        6.2249999999999996        6.2249999999999996     
 COORD=  -1.8624439268999997        0.0000000000000000        0.0000000000000000     
 COORD=  -1.6474059295999999        3.0997518359063037        3.0997518359063037     
 COORD=  -1.6922588211000000        2.9783702257000000        0.0000000000000000     
 COORD= -0.54414024989999998        6.2249999999999996        1.1796791242000000     
 COORD= -0.26066619190000001        6.2249999999999996        4.0014274135000001     
 COORD= -0.11426568600000002        1.2056394164417532        1.2056394164417532     
 COORD=  -3.3455305700000000E-002   3.5356734376000003        1.2676184712000000     
 COORD=   6.3964652200000000E-002   3.6700851098481260        3.6700851098481260     
 COORD=   1.7400807019000000        5.1951242568999998        0.0000000000000000     
 COORD=   1.6920696995000000        0.0000000000000000        0.0000000000000000     
 COORD=   1.7433801190000000        6.2249999999999996        6.2249999999999996     
 COORD=   1.7099126433000000        5.0906542353999997        2.5165048012000000     
 COORD=   1.7286026633000000        2.7309529019999998        0.0000000000000000     
 COORD=   1.8267960584000000        2.4819371948059650        2.4819371948059650     
 RMIN,RMAX,AA=  0.99999999999999989        1.3999999999999999        12.449999999999999     
 RMIN,RMAX,AA=  0.99999999999999989        1.7000000000000000        12.449999999999999     
 RMIN,RMAX,AA=  0.99999999999999989        1.5000000000000000        12.449999999999999     
 RMIN,RMAX,AA=  0.99999999999999989        1.5000000000000000        12.449999999999999     
 RMIN,RMAX,AA=  0.99999999999999989        1.5000000000000000        12.449999999999999     
 DIST,RIJS   1.8919168467405922        1.9999999999999998     
 PENALTY FOR ATOM I AND J           8          14
 evaltleed:	invalid structure, returning penalty
 runtleed:    1.6000000000000001        5.1699999999999966E-004
 ******************************
 runtleed: num_fcn =            2
 COORSUB=   3.5213999999999999        1.2450000000000001        1.2450000000000001     
 COORSUB=   3.5213999999999999        3.7349999999999994        1.2450000000000001     
 COORSUB=   3.5213999999999999        6.2249999999999996        1.2450000000000001     
 COORSUB=   3.5213999999999999        3.7349999999999994        3.7349999999999994     
 COORSUB=   3.5213999999999999        6.2249999999999996        3.7349999999999994     
 COORSUB=   3.5213999999999999        6.2249999999999996        6.2249999999999996     
 COORD=  -1.9388279657000000        0.0000000000000000        0.0000000000000000     
 COORD=  -2.0392211129000000        2.9145362655252267        2.9145362655252267     
 COORD=  -1.9172636533000000        3.1148524487000007        0.0000000000000000     
 COORD= -0.28053516119999999        6.2249999999999996        1.2907994925999999     
 COORD= -0.26412239890000000        6.2249999999999996        3.9102782140999999     
 COORD=  -8.1776377000000004E-003   1.3064622559733372        1.3064622559733372     
 COORD=  0.16341997270000000        3.7218135822999994        1.3988400613000000     
 COORD=  -2.4642668800000003E-002   3.7165797873976261        3.7165797873976261     
 COORD=   1.6467321083999997        5.0319678803999999        0.0000000000000000     
 COORD=   1.6645698272000002        0.0000000000000000        0.0000000000000000     
 COORD=   1.6359862784000003        6.2249999999999996        6.2249999999999996     
 COORD=   1.7284918132000000        5.0926638679999998        2.2338410151999999     
At line 62 of file runtleed.f (unit = 3, file = './tleed_data/tleedparms.dat')
Fortran runtime error: End of file

Error termination. Backtrace:
#0  0x10607840c
#1  0x106079115
#2  0x106079889
#3  0x1061b7b3b
#4  0x1061b07d9
#5  0x1061b20c9
#6  0x1012925d4
#7  0x101292a76
#8  0x1012df59e
 COORD=   1.9272013239000001        2.5433212676000001        0.0000000000000000     
 COORD=   1.7858561235999999        2.4937019974150534        2.4937019974150534     
 RMIN,RMAX,AA=  0.99999999999999989        1.3999999999999999        12.449999999999999     
 RMIN,RMAX,AA=  0.99999999999999989        1.7000000000000000        12.449999999999999     
 RMIN,RMAX,AA=  0.99999999999999989        1.5000000000000000        12.449999999999999     
 RMIN,RMAX,AA=  0.99999999999999989        1.5000000000000000        12.449999999999999     
 RMIN,RMAX,AA=  0.99999999999999989        1.5000000000000000        12.449999999999999     
 DIST,RIJS   1.8854137215999995        1.9999999999999998     
 PENALTY FOR ATOM I AND J          17           6
 evaltleed:	invalid structure, returning penalty
 runtleed:    1.6000000000000001        3.6499999999999987E-004
 ******************************
 runtleed: num_fcn =            3
