 ******************************
 runtleed: num_fcn =            1
 runtleed:   0.28854687949457347        11.217158000000001     
 ******************************
 runtleed: num_fcn =            2
 runtleed:   0.27991336517301579        11.141464000000001     
 ******************************
 runtleed: num_fcn =            3
 runtleed:   0.57971308589748960        10.628519999999998     
 ******************************
 runtleed: num_fcn =            4
 runtleed:   0.68293609780334708        10.615459999999999     
 ******************************
 runtleed: num_fcn =            5
 runtleed:   0.49492597284755052        11.156497999999999     
 ******************************
 runtleed: num_fcn =            6
 runtleed:   0.66381900624141643        10.065021000000002     
 ******************************
 runtleed: num_fcn =            7
 evaltleed:	invalid structure, returning penalty
 runtleed:    1.6000000000000001        1.4500000000339242E-004
 ******************************
 runtleed: num_fcn =            8
 evaltleed:	invalid structure, returning penalty
 runtleed:    1.6000000000000001        1.6600000000721593E-004
 ******************************
 runtleed: num_fcn =            9
 runtleed:   0.67825480278823047        10.507598999999999     
 ******************************
 runtleed: num_fcn =           10
 runtleed:   0.52299660006130200        10.947921000000008     
