 ******************************
 runtleed: num_fcn =            1
 runtleed:   0.28854687949487107        10.652925000000000     
 ******************************
 runtleed: num_fcn =            2
 runtleed:   0.27991336517306564        10.557857000000000     
 ******************************
 runtleed: num_fcn =            3
 runtleed:   0.57971308589684745        10.595178000000001     
 ******************************
 runtleed: num_fcn =            4
 runtleed:   0.68293609780335263        10.716769000000003     
 ******************************
 runtleed: num_fcn =            5
 runtleed:   0.49492597284754636        11.187599999999996     
 ******************************
 runtleed: num_fcn =            6
 runtleed:   0.66381900624121826        10.280453000000001     
 ******************************
 runtleed: num_fcn =            7
 evaltleed:	invalid structure
 runtleed:    1.6000000000000001        2.0700000000317686E-004
 ******************************
 runtleed: num_fcn =            8
 evaltleed:	invalid structure
 runtleed:    1.6000000000000001        1.0199999999827014E-004
 ******************************
 runtleed: num_fcn =            9
 runtleed:   0.67825480278811601        11.008503000000005     
 ******************************
 runtleed: num_fcn =           10
 runtleed:   0.52299660006138848        11.653458000000001     
